<?xml version="1.0" encoding="UTF-8"?>
<!-- Generated by org.testng.reporters.JUnitReportReporter -->
<testsuite hostname="ahsanaacer5555" failures="0" tests="1" name="TestPackage.CourseraTest" time="104.066" errors="0" timestamp="2024-12-17T22:49:51 IST" skipped="0">
  <testcase classname="TestPackage.CourseraTest" name="testCoursera" time="104.066"/>
</testsuite> <!-- TestPackage.CourseraTest -->
