<?xml version="1.0" encoding="UTF-8"?>
<!-- Generated by org.testng.reporters.JUnitReportReporter -->
<testsuite hostname="ahsanaacer5555" failures="0" tests="1" name="TestPackage.OkhaiTest" time="5.142" errors="0" timestamp="2024-12-13T23:23:47 IST" skipped="0">
  <testcase classname="TestPackage.OkhaiTest" name="testokhai" time="5.142"/>
</testsuite> <!-- TestPackage.OkhaiTest -->
